The system is: Windows - 10.0.22000 - AMD64
Compiling the C compiler identification source file "CMakeCCompilerId.c" succeeded.
Compiler: C:/Program Files (x86)/Microsoft Visual Studio/2019/Community/VC/Tools/MSVC/14.29.30133/bin/Hostx64/x64/cl.exe 
Build flags: 
Id flags:  

The output was:
0
Microsoft (R) C/C++ Optimizing Compiler Version 19.29.30136 for x64
Copyright (C) Microsoft Corporation.  All rights reserved.

CMakeCCompilerId.c
Microsoft (R) Incremental Linker Version 14.29.30136.0
Copyright (C) Microsoft Corporation.  All rights reserved.

/out:CMakeCCompilerId.exe 
CMakeCCompilerId.obj 


Compilation of the C compiler identification source "CMakeCCompilerId.c" produced "CMakeCCompilerId.exe"

Compilation of the C compiler identification source "CMakeCCompilerId.c" produced "CMakeCCompilerId.obj"

The C compiler identification is MSVC, found in "C:/Users/Tyler/Documents/School/CPSC/CPSC 453/Assignment 3/453-skeleton/out/build/x64-Debug/CMakeFiles/3.20.21032501-MSVC_2/CompilerIdC/CMakeCCompilerId.exe"

Compiling the CXX compiler identification source file "CMakeCXXCompilerId.cpp" succeeded.
Compiler: C:/Program Files (x86)/Microsoft Visual Studio/2019/Community/VC/Tools/MSVC/14.29.30133/bin/Hostx64/x64/cl.exe 
Build flags: 
Id flags:  

The output was:
0
Microsoft (R) C/C++ Optimizing Compiler Version 19.29.30136 for x64
Copyright (C) Microsoft Corporation.  All rights reserved.

CMakeCXXCompilerId.cpp
Microsoft (R) Incremental Linker Version 14.29.30136.0
Copyright (C) Microsoft Corporation.  All rights reserved.

/out:CMakeCXXCompilerId.exe 
CMakeCXXCompilerId.obj 


Compilation of the CXX compiler identification source "CMakeCXXCompilerId.cpp" produced "CMakeCXXCompilerId.exe"

Compilation of the CXX compiler identification source "CMakeCXXCompilerId.cpp" produced "CMakeCXXCompilerId.obj"

The CXX compiler identification is MSVC, found in "C:/Users/Tyler/Documents/School/CPSC/CPSC 453/Assignment 3/453-skeleton/out/build/x64-Debug/CMakeFiles/3.20.21032501-MSVC_2/CompilerIdCXX/CMakeCXXCompilerId.exe"

Detecting C compiler ABI info compiled with the following output:
Change Dir: C:/Users/Tyler/Documents/School/CPSC/CPSC 453/Assignment 3/453-skeleton/out/build/x64-Debug/CMakeFiles/CMakeTmp

Run Build Command(s):C:/Program Files (x86)/Microsoft Visual Studio/2019/Community/Common7/IDE/CommonExtensions/Microsoft/CMake/Ninja/ninja.exe cmTC_fe68f && [1/2] Building C object CMakeFiles\cmTC_fe68f.dir\CMakeCCompilerABI.c.obj
[2/2] Linking C executable cmTC_fe68f.exe



Detecting CXX compiler ABI info compiled with the following output:
Change Dir: C:/Users/Tyler/Documents/School/CPSC/CPSC 453/Assignment 3/453-skeleton/out/build/x64-Debug/CMakeFiles/CMakeTmp

Run Build Command(s):C:/Program Files (x86)/Microsoft Visual Studio/2019/Community/Common7/IDE/CommonExtensions/Microsoft/CMake/Ninja/ninja.exe cmTC_747aa && [1/2] Building CXX object CMakeFiles\cmTC_747aa.dir\CMakeCXXCompilerABI.cpp.obj
[2/2] Linking CXX executable cmTC_747aa.exe



Performing C++ SOURCE FILE Test SUPPORTS_USER_DEFINED_LITERALS succeeded with the following output:
Change Dir: C:/Users/Tyler/Documents/School/CPSC/CPSC 453/Assignment 3/453-skeleton/out/build/x64-Debug/CMakeFiles/CMakeTmp

Run Build Command(s):C:/Program Files (x86)/Microsoft Visual Studio/2019/Community/Common7/IDE/CommonExtensions/Microsoft/CMake/Ninja/ninja.exe cmTC_91cf2 && [1/2] Building CXX object CMakeFiles\cmTC_91cf2.dir\src.cxx.obj
[2/2] Linking CXX executable cmTC_91cf2.exe


Source file was:

  void operator"" _udl(long double);
  int main() {}
Performing C++ SOURCE FILE Test FMT_HAS_VARIANT succeeded with the following output:
Change Dir: C:/Users/Tyler/Documents/School/CPSC/CPSC 453/Assignment 3/453-skeleton/out/build/x64-Debug/CMakeFiles/CMakeTmp

Run Build Command(s):C:/Program Files (x86)/Microsoft Visual Studio/2019/Community/Common7/IDE/CommonExtensions/Microsoft/CMake/Ninja/ninja.exe cmTC_9c598 && [1/2] Building CXX object CMakeFiles\cmTC_9c598.dir\src.cxx.obj
cl : Command line warning D9002 : ignoring unknown option '-std=c++1z'
The contents of <variant> are available only with C++17 or later.
[2/2] Linking CXX executable cmTC_9c598.exe


Source file was:

  #include <variant>
  int main() {}
Determining if the _strtod_l exist passed with the following output:
Change Dir: C:/Users/Tyler/Documents/School/CPSC/CPSC 453/Assignment 3/453-skeleton/out/build/x64-Debug/CMakeFiles/CMakeTmp

Run Build Command(s):C:/Program Files (x86)/Microsoft Visual Studio/2019/Community/Common7/IDE/CommonExtensions/Microsoft/CMake/Ninja/ninja.exe cmTC_08469 && [1/2] Building C object CMakeFiles\cmTC_08469.dir\CheckSymbolExists.c.obj
[2/2] Linking C executable cmTC_08469.exe


File C:/Users/Tyler/Documents/School/CPSC/CPSC 453/Assignment 3/453-skeleton/out/build/x64-Debug/CMakeFiles/CMakeTmp/CheckSymbolExists.c:
/* */
#include <stdlib.h>

int main(int argc, char** argv)
{
  (void)argv;
#ifndef _strtod_l
  return ((int*)(&_strtod_l))[argc];
#else
  (void)argc;
  return 0;
#endif
}
