Determining if the include file pthread.h exists failed with the following output:
Change Dir: C:/Users/Tyler/Documents/School/CPSC/CPSC 453/Assignment 3/453-skeleton/out/build/x64-Debug/CMakeFiles/CMakeTmp

Run Build Command(s):C:/Program Files (x86)/Microsoft Visual Studio/2019/Community/Common7/IDE/CommonExtensions/Microsoft/CMake/Ninja/ninja.exe cmTC_288f6 && [1/2] Building C object CMakeFiles\cmTC_288f6.dir\CheckIncludeFile.c.obj
FAILED: CMakeFiles/cmTC_288f6.dir/CheckIncludeFile.c.obj 
C:\PROGRA~2\MICROS~3\2019\COMMUN~1\VC\Tools\MSVC\1429~1.301\bin\Hostx64\x64\cl.exe  /nologo   /DWIN32 /D_WINDOWS  /Zi /Ob0 /Od /RTC1 -MDd /showIncludes /FoCMakeFiles\cmTC_288f6.dir\CheckIncludeFile.c.obj /FdCMakeFiles\cmTC_288f6.dir\ /FS -c CheckIncludeFile.c
CheckIncludeFile.c(1): fatal error C1083: Cannot open include file: 'pthread.h': No such file or directory
ninja: build stopped: subcommand failed.



Performing C++ SOURCE FILE Test has_std_17_flag failed with the following output:
Change Dir: C:/Users/Tyler/Documents/School/CPSC/CPSC 453/Assignment 3/453-skeleton/out/build/x64-Debug/CMakeFiles/CMakeTmp

Run Build Command(s):C:/Program Files (x86)/Microsoft Visual Studio/2019/Community/Common7/IDE/CommonExtensions/Microsoft/CMake/Ninja/ninja.exe cmTC_e78ec && [1/2] Building CXX object CMakeFiles\cmTC_e78ec.dir\src.cxx.obj
cl : Command line warning D9002 : ignoring unknown option '-std=c++17'
[2/2] Linking CXX executable cmTC_e78ec.exe


Source file was:
int main() { return 0; }
Performing C++ SOURCE FILE Test has_std_1z_flag failed with the following output:
Change Dir: C:/Users/Tyler/Documents/School/CPSC/CPSC 453/Assignment 3/453-skeleton/out/build/x64-Debug/CMakeFiles/CMakeTmp

Run Build Command(s):C:/Program Files (x86)/Microsoft Visual Studio/2019/Community/Common7/IDE/CommonExtensions/Microsoft/CMake/Ninja/ninja.exe cmTC_e20fa && [1/2] Building CXX object CMakeFiles\cmTC_e20fa.dir\src.cxx.obj
cl : Command line warning D9002 : ignoring unknown option '-std=c++1z'
[2/2] Linking CXX executable cmTC_e20fa.exe


Source file was:
int main() { return 0; }
